<?xml version="1.0" encoding="UTF-8"?>
<!-- Generated by org.testng.reporters.JUnitReportReporter -->
<testsuite hostname="AMBAU000995" failures="0" tests="1" name="com.cog.seleniumproject.files.Logintest" time="3.200" errors="0" timestamp="2022-10-10T17:33:11 AEDT" skipped="0">
  <testcase classname="com.cog.seleniumproject.files.Logintest" name="send" time="3.200"/>
  <system-out/>
</testsuite> <!-- com.cog.seleniumproject.files.Logintest -->
