<?xml version="1.0" encoding="UTF-8"?>
<!-- Generated by org.testng.reporters.JUnitReportReporter -->
<testsuite hostname="AMBAU000995" failures="0" tests="1" name="com.cog.seleniumproject.files.LoginChrome" time="0.638" errors="0" timestamp="2022-10-14T15:01:35 AEDT" skipped="0">
  <testcase classname="com.cog.seleniumproject.files.LoginChrome" name="send" time="0.638"/>
  <system-out/>
</testsuite> <!-- com.cog.seleniumproject.files.LoginChrome -->
