<?xml version="1.0" encoding="UTF-8"?>
<!-- Generated by org.testng.reporters.JUnitReportReporter -->
<testsuite hostname="AMBAU000995" failures="0" tests="1" name="com.cog.seleniumproject.files.Logintest" time="5.976" errors="0" timestamp="2022-10-11T16:34:36 AEDT" skipped="0">
  <testcase classname="com.cog.seleniumproject.files.Logintest" name="send" time="5.976"/>
  <system-out/>
</testsuite> <!-- com.cog.seleniumproject.files.Logintest -->
