<?xml version="1.0" encoding="UTF-8"?>
<!-- Generated by org.testng.reporters.JUnitReportReporter -->
<testsuite hostname="AMBAU000995" failures="0" tests="1" name="com.cog.seleniumproject.files.Logintest" time="0.964" errors="0" timestamp="2022-10-14T11:16:35 AEDT" skipped="0">
  <testcase classname="com.cog.seleniumproject.files.Logintest" name="send" time="0.964"/>
  <system-out/>
</testsuite> <!-- com.cog.seleniumproject.files.Logintest -->
