<?xml version="1.0" encoding="UTF-8"?>
<!-- Generated by org.testng.reporters.JUnitReportReporter -->
<testsuite hostname="AMBAU000995" failures="0" tests="1" name="com.cog.seleniumproject.files.LoginChrome" time="2.641" errors="0" timestamp="2022-10-31T15:28:38 AEDT" skipped="0">
  <testcase classname="com.cog.seleniumproject.files.LoginChrome" name="send" time="2.641"/>
  <system-out/>
</testsuite> <!-- com.cog.seleniumproject.files.LoginChrome -->
